<?xml version="1.0" encoding="UTF-8"?>
<!-- Generated by org.testng.reporters.JUnitReportReporter -->
<testsuite hostname="Toshif" failures="0" tests="2" name="testNgPackage.TestNg1" time="7.841" errors="0" timestamp="2023-07-14T17:46:32 IST" skipped="0">
  <testcase classname="testNgPackage.TestNg1" name="run1" time="2.438"/>
  <system-out/>
  <testcase classname="testNgPackage.TestNg1" name="run" time="5.403"/>
  <system-out/>
</testsuite> <!-- testNgPackage.TestNg1 -->
